Get-CimInstance : A positional parameter cannot be found that accepts argument 
'^'.
At line:1 char:2
+ (Get-CimInstance Win32_Process ^| Where-Object { $_.Name -eq 'cmd.exe ...
+  ~~~~~~~~~~~~~~~~~~~~~~~~~~~~~~~
    + CategoryInfo          : InvalidArgument: (:) [Get-CimInstance], Paramete 
   rBindingException
    + FullyQualifiedErrorId : PositionalParameterNotFound,Microsoft.Management 
   .Infrastructure.CimCmdlets.GetCimInstanceCommand
 
Stale auto-start lock was detected and recovered.
SSL certificates already exist in ./certs/
Certificate already trusted in CurrentUser Root store.

============================================
  PPA Attendance Server Starting
============================================

  Local:    https://localhost:3000
  Network:  https://192.168.0.100:3000
  URL:      https://100.90.234.57:3000
  VPN:      https://100.90.234.57:3000

  Share the Network URL with employees.
  The system is accessible only after this line appears:
  > HTTPS server ready on https://0.0.0.0:3000
  Expected warm-up after startup/restart: 1-3 minutes.
  Live startup status file:
  C:\Users\IT\Documents\PPA Attendance\Attendance-Monitoring-for-PPA\logs\auto-start-status.txt
  Browser may show certificate warning.
  Click Advanced then Proceed.
  Server will auto-restart if it stops.
============================================

[07/04/2026  8:30:42.00] Starting server...

> attendance-monitoring-ppa@0.1.0 ports:free
> powershell -ExecutionPolicy Bypass -File ./scripts/free-ports.ps1 -Ports 3000,3001

No listeners found on ports: 3000, 3001
> Running in production mode
> HTTPS server ready on https://0.0.0.0:3000
> HTTP redirect server on http://0.0.0.0:3001
^CTerminate batch job (Y/N)? Terminate batch job (Y/N)? 
^C'errorlevel"' is not recognized as an internal or external command,
operable program or batch file.

[07/04/2026  8:32:46.35] node server.js exited with code .
[07/04/2026  8:32:46.35] Server stopped. Restarting in 5 seconds...
[07/04/2026  8:32:51.14] Starting server...

> attendance-monitoring-ppa@0.1.0 ports:free
> powershell -ExecutionPolicy Bypass -File ./scripts/free-ports.ps1 -Ports 3000,3001

Stopped PID 12268 (node)
Ports are free: 3000, 3001
> Running in production mode
> HTTPS server ready on https://0.0.0.0:3000
> HTTP redirect server on http://0.0.0.0:3001

[07/04/2026  8:33:08.38] node server.js exited with code -1.
[07/04/2026  8:33:08.38] Server stopped. Restarting in 5 seconds...
Terminate batch job (Y/N)? Terminate batch job (Y/N)? 
^CThe syntax of the command is incorrect.
